# tag

3fd3a6b58e753a1670d5f151f7760c48

# 关键结构体大小

ssl 结构体大小(6280字节 /  0x1888字节 , 会被分配到8KB的内存)：

```c
v2 = CRYPTO_zalloc(6280LL, "ssl/ssl_lib.c", 691LL);
```

http 请求缓冲区大小(0x2000字节):

```c
__int64 __fastcall sub_12E54D0(__int64 a1, __int16 a2)
{
  __int64 v2; // rbx
  __int64 v3; // rax
  __int64 result; // rax

  v2 = sub_12DE8F0(a1, 168LL);
  *(_QWORD *)(v2 + 80) = a1;
  *(_DWORD *)(v2 + 48) = 0x2000;
  *(_DWORD *)v2 = a2 & 0x103;
  if ( (a2 & 1) != 0 )
  {
    *(_QWORD *)(v2 + 32) = sub_E3D790(1LL, 0x2000uLL);
```

sconn结构体大小(1128字节/468字节)：

```c
__int64 __fastcall sub_13C8500(unsigned int a1, const __m128i *a2, char a3, int a4)
{
  __int64 v5; // rax
  __int64 v6; // rbx
  _QWORD *v7; // rax
  __int64 v8; // rdi
  __int64 v9; // rdi
  __m128i v10; // xmm0
  __int64 v11; // rax
  int v12; // er9
  int v13; // er11
  int v14; // er8
  unsigned int v15; // eax
  int v16; // esi
  __int64 v17; // rdx
  __int64 v18; // rcx
  int v19; // edi
  unsigned __int64 v20; // rax
  __int64 v21; // rdi
  char v23; // al
  bool v24; // al
  __int64 v25; // rax
  int *v26; // rax
  unsigned int v27; // eax
  void *v28; // rdi

  v5 = sub_E3D790(1LL, a4 + 1128LL);
```

# SSL 结构体字段

handshake_func 字段偏移： 0x30
init 字段偏移：0x64

# 内存分配函数

sub_E3D790   ：jemalloc

sub_12DE650 :  malloc_block



最底层的内存分配函数：

```c
void *__fastcall sub_E2F5C0(_QWORD *a1, __int64 a2, unsigned __int8 a3)
{
  unsigned __int64 v4; // r12
  void *v5; // rcx
  __int64 v6; // rdx
  __int64 v7; // rax

  v4 = (a2 + 4095) & 0xFFFFFFFFFFFFF000LL;
  v5 = (void *)sub_E2DDF0((__int64)a1, v4, 1u, 255LL, a3);
  if ( !v5 )
    return v5;
  v6 = a1[10];
  ++a1[7];
  ++a1[9];
  v7 = (v4 >> 7) - 32;
  a1[6] += v4;
  ++*(_QWORD *)(v7 + v6);
  ++*(_QWORD *)(v7 + a1[10] + 16);
  ++*(_QWORD *)(a1[10] + v7 + 24);
  if ( a3 )
    return v5;
  if ( byte_121ADE73 )
    return memset(v5, 0xA5, v4);
  if ( !byte_121ADE84 )
    return v5;
  return memset(v5, 0, v4);
}

__int64 __fastcall sub_E2DDF0(__int64 a1, __int64 a2, unsigned __int8 a3, __int64 a4, unsigned __int8 a5)
{
  unsigned int v5; // er15
  unsigned int v6; // ebx
  __int64 result; // rax
  __int64 v9; // rax
  __int64 v10; // [rsp+8h] [rbp-38h]

  v5 = a5;
  v6 = a3;
  result = sub_E2DD10(a1, a2, a3, a4, a5);
  if ( !result )
  {
    v9 = sub_E2DBC0(a1);
    if ( v9 )
    {
      v10 = (qword_13662348 << 12) + v9;
      sub_E2D850(a1, v10, a2, v6, a4, v5);
      result = v10;
    }
    else
    {
      result = sub_E2DD10(a1, a2, v6, a4, v5);
    }
  }
  return result;
}
```

# 有用的tips

### 0x00

CRYPTO_set_mem_functions 是 OpenSSL 中的一个函数，用于允许开发者自定义替换 OpenSSL 默认的内存分配、重新分配和释放函数

```c
int CRYPTO_set_mem_functions(
    void *(*m)(size_t),
    void *(*r)(void *, size_t),
    void (*f)(void *)
);
```

# 有用的gdb脚本

```
handle SIGPIPE nostop
b *0x0000000000E2DDF0 if (($rsi > 0x1000) && ($rsi < 0x3000))
commands
    printf "alloc size %d\n" , $rsi
    bt
    c
end
```

out:

```
Breakpoint 3, 0x0000000000e2ddf0 in ?? ()
alloc size 8192
#0  0x0000000000e2ddf0 in ?? ()
#1  0x0000000000e2f5f7 in ?? ()
#2  0x0000000000e3d880 in ?? ()
#3  0x00000000012e559f in ?? ()   #  接受缓冲区分配，大小为0x2000字节
#4  0x00000000013afc6f in ?? ()
#5  0x00000000013c8966 in ?? ()
#6  0x00000000013bc7b1 in ?? ()
#7  0x00000000013bce31 in ?? ()
#8  0x00000000013be4d5 in ?? ()
#9  0x00000000013be6a8 in ?? ()
#10 0x00000000013bf514 in ?? ()
#11 0x0000000000435c50 in ?? ()
#12 0x000000000043cc2f in ?? ()
#13 0x00000000004398c8 in ?? ()
#14 0x0000000000439e7e in ?? ()
#15 0x000000000043c6d2 in ?? ()
#16 0x00007f1ccc4fff4a in __libc_start_main () from /usr/lib/x86_64-linux-gnu/libc.so.6
#17 0x000000000043265a in ?? ()

Breakpoint 3, 0x0000000000e2ddf0 in ?? () # ssl 结构体分配
alloc size 8192
#0  0x0000000000e2ddf0 in ?? ()
#1  0x0000000000e2f5f7 in ?? ()
#2  0x0000000000e3d0eb in ?? ()
#3  0x00000000013bdf89 in ?? ()
#4  0x00007f1ccbb1ee69 in CRYPTO_zalloc () from /usr/lib/x86_64-linux-gnu/libcrypto.so.1.1
#5  0x00007f1ccb724342 in SSL_new () from /usr/lib/x86_64-linux-gnu/libssl.so.1.1
#6  0x00000000013b94bf in ?? ()
#7  0x00000000013bbb54 in ?? ()
#8  0x00000000013bc56b in ?? ()
#9  0x00000000013bc7c8 in ?? ()
#10 0x00000000013bce31 in ?? ()
#11 0x00000000013be4d5 in ?? ()
#12 0x00000000013be6a8 in ?? ()
#13 0x00000000013bf514 in ?? ()
#14 0x0000000000435c50 in ?? ()
#15 0x000000000043cc2f in ?? ()
#16 0x00000000004398c8 in ?? ()
#17 0x0000000000439e7e in ?? ()
#18 0x000000000043c6d2 in ?? ()
#19 0x00007f1ccc4fff4a in __libc_start_main () from /usr/lib/x86_64-linux-gnu/libc.so.6
#20 0x000000000043265a in ?? ()
```

```
handle SIGPIPE nostop
b *SSL_new+0x32
commands
    silent
    printf "ssl struct alloc addr:%p\n",$rax
    c
end

handle SIGPIPE nostop
b *0x000000000132DC9D
commands
    silent
    printf "enc data   alloc addr:%p\n",$rax
    c
end

handle SIGPIPE nostop
b *0x00000000012E559F
commands
    silent
    printf "recv buff  alloc addr:%p\n",$rax
    c
end
```

# control rip

```log
(gdb) c
Continuing.
recv buff  alloc addr:0x7fa1116a9000
ssl struct alloc addr:0x7fa1116a0000
recv buff  alloc addr:0x7fa1116a2000
ssl struct alloc addr:0x7fa1116ca000
recv buff  alloc addr:0x7fa1116cc000
ssl struct alloc addr:0x7fa1116cf000
recv buff  alloc addr:0x7fa1116d1000
ssl struct alloc addr:0x7fa1116d4000
enc data   alloc addr:0x7fa1116d1018
enc data   alloc addr:0x7fa1116d1018
enc data   alloc addr:0x7fa1116d1018
enc data   alloc addr:0x7fa1116d1018
enc data   alloc addr:0x7fa1116d1018
enc data   alloc addr:0x7fa1116d1018
enc data   alloc addr:0x7fa1116d1018
enc data   alloc addr:0x7fa1116d1018
enc data   alloc addr:0x7fa1116d1018
enc data   alloc addr:0x7fa1116d1018
enc data   alloc addr:0x7fa1116d1018
enc data   alloc addr:0x7fa1116d1018
enc data   alloc addr:0x7fa1116d1018
enc data   alloc addr:0x7fa1116d1018
enc data   alloc addr:0x7fa1116d1018
enc data   alloc addr:0x7fa1116d1018

Program received signal SIGSEGV, Segmentation fault.
0x00007fa117386f53 in ?? () from /usr/lib/x86_64-linux-gnu/libssl.so.1.1
(gdb) bt
#0  0x00007fa117386f53 in ?? () from /usr/lib/x86_64-linux-gnu/libssl.so.1.1
#1  0x00007fa11738ed30 in ?? () from /usr/lib/x86_64-linux-gnu/libssl.so.1.1
#2  0x00007fa11739af42 in ?? () from /usr/lib/x86_64-linux-gnu/libssl.so.1.1
#3  0x00007fa11739b153 in SSL_read () from /usr/lib/x86_64-linux-gnu/libssl.so.1.1
#4  0x00000000012e5ab2 in ?? ()
#5  0x00000000012f40fc in ?? ()
#6  0x00000000013ba035 in ?? ()
#7  0x00000000013bbd3d in ?? ()
#8  0x00000000013bcb48 in ?? ()
#9  0x00000000013be4d5 in ?? ()
#10 0x00000000013be6a8 in ?? ()
#11 0x00000000013bf514 in ?? ()
#12 0x0000000000435c50 in ?? ()
#13 0x000000000043cc2f in ?? ()
#14 0x00000000004398c8 in ?? ()
#15 0x0000000000439e7e in ?? ()
#16 0x000000000043c6d2 in ?? ()
#17 0x00007fa11817bf4a in __libc_start_main () from /usr/lib/x86_64-linux-gnu/libc.so.6
#18 0x000000000043265a in ?? ()
(gdb) x /10i $rip
=> 0x7fa117386f53:	call   *0x30(%rbp)
   0x7fa117386f56:	test   %eax,%eax
   0x7fa117386f58:	mov    %eax,%r15d
   0x7fa117386f5b:	js     0x7fa117386da3
   0x7fa117386f61:	jne    0x7fa117386cb1
   0x7fa117386f67:	jmp    0x7fa117386d9d
   0x7fa117386f6c:	nopl   0x0(%rax)
   0x7fa117386f70:	mov    %r10d,%r15d
   0x7fa117386f73:	jmp    0x7fa117386da3
   0x7fa117386f78:	cmpq   $0x0,0x8(%rbx)
(gdb) set disassembly-flavor intel 
(gdb) x /10i $rip                  
=> 0x7fa117386f53:	call   QWORD PTR [rbp+0x30]
   0x7fa117386f56:	test   eax,eax
   0x7fa117386f58:	mov    r15d,eax
   0x7fa117386f5b:	js     0x7fa117386da3
   0x7fa117386f61:	jne    0x7fa117386cb1
   0x7fa117386f67:	jmp    0x7fa117386d9d
   0x7fa117386f6c:	nop    DWORD PTR [rax+0x0]
   0x7fa117386f70:	mov    r15d,r10d
   0x7fa117386f73:	jmp    0x7fa117386da3
   0x7fa117386f78:	cmp    QWORD PTR [rbx+0x8],0x0
(gdb) x /1gx $rbp+0x30
0x7fa1116d4030:	0x00ffffffffffffff
(gdb) info registers 
rax            0x1                 1
rbx            0x1                 1
rcx            0x7fa11171d000      140329759133696
rdx            0x7fa111800e00      140329760067072
rsi            0x7fa111404ad0      140329755888336
rdi            0x7fa1116d4000      140329758834688
rbp            0x7fa1116d4000      0x7fa1116d4000
rsp            0x7fffbd9e9ab0      0x7fffbd9e9ab0
r8             0x0                 0
r9             0x7fffbd9e90f0      140736374673648
r10            0x7fa111404488      140329755886728
r11            0x7fa1118000e8      140329760063720
r12            0x17                23
r13            0x7fa1116e2002      140329758892034
r14            0x0                 0
r15            0xffe               4094
rip            0x7fa117386f53      0x7fa117386f53
eflags         0x10202             [ IF RF ]
cs             0x33                51
ss             0x2b                43
ds             0x0                 0
es             0x0                 0
fs             0x0                 0
gs             0x0                 0
fs_base        0x7fa1195487c0      140329891432384
gs_base        0x0                 0
```

# stack pivot

```
(gdb) c
Continuing.
recv buff  alloc addr:0x7fa11169f000
ssl struct alloc addr:0x7fa1116a1000
recv buff  alloc addr:0x7fa1116a9000
ssl struct alloc addr:0x7fa1116a0000
recv buff  alloc addr:0x7fa1116a2000
ssl struct alloc addr:0x7fa1116ca000
recv buff  alloc addr:0x7fa1116cc000
ssl struct alloc addr:0x7fa1116cf000
recv buff  alloc addr:0x7fa1116d1000
ssl struct alloc addr:0x7fa1116d4000
enc data   alloc addr:0x7fa1116d1018
enc data   alloc addr:0x7fa1116d1018
enc data   alloc addr:0x7fa1116d1018
enc data   alloc addr:0x7fa1116d1018
enc data   alloc addr:0x7fa1116d1018
enc data   alloc addr:0x7fa1116d1018
enc data   alloc addr:0x7fa1116d1018
enc data   alloc addr:0x7fa1116d1018
enc data   alloc addr:0x7fa1116d1018
enc data   alloc addr:0x7fa1116d1018
enc data   alloc addr:0x7fa1116d1018
enc data   alloc addr:0x7fa1116d1018
enc data   alloc addr:0x7fa1116d1018
enc data   alloc addr:0x7fa1116d1018
enc data   alloc addr:0x7fa1116d1018
enc data   alloc addr:0x7fa1116d1018
enc data   alloc addr:0x7fa1116d1018
enc data   alloc addr:0x7fa1116d1018
enc data   alloc addr:0x7fa1116d1018
enc data   alloc addr:0x7fa1116d1018
enc data   alloc addr:0x7fa1116d1018
enc data   alloc addr:0x7fa1116d1018
enc data   alloc addr:0x7fa1116d1018
enc data   alloc addr:0x7fa1116d1018
enc data   alloc addr:0x7fa1116d1018
enc data   alloc addr:0x7fa1116d1018
enc data   alloc addr:0x7fa1116d1018
enc data   alloc addr:0x7fa1116d1018
enc data   alloc addr:0x7fa1116d1018
enc data   alloc addr:0x7fa1116d1018
enc data   alloc addr:0x7fa1116d1018
enc data   alloc addr:0x7fa1116d1018

Breakpoint 4, 0x0000000000a86e10 in ?? ()
(gdb) set disassembly-flavor intel 
(gdb) x /10i $rip
=> 0xa86e10:	push   rbp
   0xa86e11:	xor    esi,esi
   0xa86e13:	mov    rbp,rsp
   0xa86e16:	call   QWORD PTR [rdi+0x130]
   0xa86e1c:	test   rax,rax
   0xa86e1f:	je     0xa86e48
   0xa86e21:	add    QWORD PTR [rip+0x2b2c6a7],0x1        # 0x35b34d0
   0xa86e29:	mov    rdx,0xffffffffffffffff
   0xa86e30:	mov    QWORD PTR [rax+0x28],0x35b34d0
   0xa86e38:	mov    QWORD PTR [rax+0x20],0x0
(gdb) si
0x0000000000a86e11 in ?? ()
(gdb) 
0x0000000000a86e13 in ?? ()
(gdb) 
0x0000000000a86e16 in ?? ()
(gdb) x /1gx $rdi+0x130
0x7fa1116d4130:	0x0000000002e29f40
(gdb) si
0x0000000002e29f40 in ?? ()
(gdb) x /1gx $rdi+0x130
0x7fa1116d4130:	0x0000000002e29f40
(gdb) x /1gx $rip      
0x2e29f40:	0x5c0b4108070c0a5a
(gdb) x /10i $rip
=> 0x2e29f40:	pop    rdx
   0x2e29f41:	or     cl,BYTE PTR [rdi+rax*1]
   0x2e29f44:	or     BYTE PTR [rcx+0xb],al
   0x2e29f47:	pop    rsp
   0x2e29f48:	ret
   0x2e29f49:	rex.B (bad)
   0x2e29f4b:	or     al,0x7
   0x2e29f4d:	or     BYTE PTR [rax],al
   0x2e29f4f:	add    BYTE PTR [rax+rax*1],ch
   0x2e29f52:	add    BYTE PTR [rax],al
(gdb) info registers 
rax            0x1                 1
rbx            0x1                 1
rcx            0x7fa111762000      140329759416320
rdx            0x7fa111800e00      140329760067072
rsi            0x0                 0
rdi            0x7fa1116d4000      140329758834688
rbp            0x7fffbd9e9aa0      0x7fffbd9e9aa0
rsp            0x7fffbd9e9a98      0x7fffbd9e9a98
r8             0x7fa1118000e8      140329760063720
r9             0x7fffbd9e90f0      140736374673648
r10            0xd000              53248
r11            0x7fa1118000e8      140329760063720
r12            0x17                23
r13            0x7fa1116e2002      140329758892034
r14            0x0                 0
r15            0xffe               4094
rip            0x2e29f40           0x2e29f40
eflags         0x246               [ PF ZF IF ]
cs             0x33                51
ss             0x2b                43
ds             0x0                 0
es             0x0                 0
fs             0x0                 0
gs             0x0                 0
fs_base        0x7fa1195487c0      140329891432384
gs_base        0x0                 0
(gdb) si
0x0000000002e29f41 in ?? ()
(gdb) x /10i $rip    
=> 0x2e29f41:	or     cl,BYTE PTR [rdi+rax*1]
   0x2e29f44:	or     BYTE PTR [rcx+0xb],al
   0x2e29f47:	pop    rsp
   0x2e29f48:	ret
   0x2e29f49:	rex.B (bad)
   0x2e29f4b:	or     al,0x7
   0x2e29f4d:	or     BYTE PTR [rax],al
   0x2e29f4f:	add    BYTE PTR [rax+rax*1],ch
   0x2e29f52:	add    BYTE PTR [rax],al
   0x2e29f54:	pop    rsp
(gdb) si
0x0000000002e29f44 in ?? ()
(gdb) si
0x0000000002e29f47 in ?? ()
(gdb) si
0x0000000002e29f48 in ?? ()
(gdb) info registers 
rax            0x1                 1
rbx            0x1                 1
rcx            0x7fa1117620ff      140329759416575
rdx            0xa86e1c            11038236
rsi            0x0                 0
rdi            0x7fa1116d4000      140329758834688
rbp            0x7fffbd9e9aa0      0x7fffbd9e9aa0
rsp            0x7fa1116d4000      0x7fa1116d4000
r8             0x7fa1118000e8      140329760063720
r9             0x7fffbd9e90f0      140736374673648
r10            0xd000              53248
r11            0x7fa1118000e8      140329760063720
r12            0x17                23
r13            0x7fa1116e2002      140329758892034
r14            0x0                 0
r15            0xffe               4094
rip            0x2e29f48           0x2e29f48
eflags         0x202               [ IF ]
cs             0x33                51
ss             0x2b                43
ds             0x0                 0
es             0x0                 0
fs             0x0                 0
gs             0x0                 0
fs_base        0x7fa1195487c0      140329891432384
gs_base        0x0                 0
(gdb) x /1gx $rsp
0x7fa1116d4000:	0x000000ffffffffff
```

# 杂项

延迟需要保证到200MS内
